<?xml version="1.0" encoding="UTF-8"?>
<testng-results ignored="0" total="1" passed="1" failed="0" skipped="0">
  <reporter-output>
  </reporter-output>
  <suite started-at="2022-02-14T06:18:47Z" name="Suite" finished-at="2022-02-14T06:19:08Z" duration-ms="21069">
    <groups>
    </groups>
    <test started-at="2022-02-14T06:18:47Z" name="Test" finished-at="2022-02-14T06:19:08Z" duration-ms="21069">
      <class name="TestCase">
        <test-method is-config="true" signature="SetUp()[pri:0, instance:TestCase@7f132176]" started-at="2022-02-14T06:18:47Z" name="SetUp" finished-at="2022-02-14T06:18:57Z" duration-ms="10068" status="PASS">
          <reporter-output>
          </reporter-output>
        </test-method> <!-- SetUp -->
        <test-method signature="Test()[pri:0, instance:TestCase@7f132176]" started-at="2022-02-14T06:18:57Z" name="Test" finished-at="2022-02-14T06:19:08Z" duration-ms="10950" status="PASS">
          <reporter-output>
          </reporter-output>
        </test-method> <!-- Test -->
      </class> <!-- TestCase -->
    </test> <!-- Test -->
  </suite> <!-- Suite -->
</testng-results>
